# JRE version: OpenJDK Runtime Environment (8.0_172-b01) (build 1.8.0_172-b01)
# Java VM: OpenJDK 64-Bit Server VM (25.172-b01 mixed mode linux-amd64 compressed oops)
Heap:
 PSYoungGen      total 258048K, used 128K [0x00000000d7100000, 0x00000000e9980000, 0x0000000100000000)
  eden space 236544K, 0% used [0x00000000d7100000,0x00000000d7100000,0x00000000e5800000)
  from space 21504K, 0% used [0x00000000e5800000,0x00000000e5820000,0x00000000e6d00000)
  to   space 21504K, 0% used [0x00000000e6d00000,0x00000000e6d00000,0x00000000e8200000)
 ParOldGen       total 98816K, used 38322K [0x0000000085200000, 0x000000008b280000, 0x00000000d7100000)
  object space 98816K, 38% used [0x0000000085200000,0x000000008776c9d8,0x000000008b280000)
 Metaspace       used 46428K, capacity 46964K, committed 47320K, reserved 1091584K
  class space    used 5844K, capacity 6002K, committed 6104K, reserved 1048576K
GC Heap History (10 events):
Event: 8,851 GC heap after
Heap after GC invocations=10 (full 1):
 PSYoungGen      total 158720K, used 13301K [0x00000000d7100000, 0x00000000e4e00000, 0x0000000100000000)
  eden space 145408K, 0% used [0x00000000d7100000,0x00000000d7100000,0x00000000dff00000)
  from space 13312K, 99% used [0x00000000dff00000,0x00000000e0bfd598,0x00000000e0c00000)
  to   space 16896K, 0% used [0x00000000e3d80000,0x00000000e3d80000,0x00000000e4e00000)
 ParOldGen       total 57344K, used 15313K [0x0000000085200000, 0x0000000088a00000, 0x00000000d7100000)
  object space 57344K, 26% used [0x0000000085200000,0x00000000860f47c0,0x0000000088a00000)
 Metaspace       used 34818K, capacity 35182K, committed 35416K, reserved 1081344K
  class space    used 4268K, capacity 4369K, committed 4440K, reserved 1048576K
}
Event: 8,851 GC heap before
{Heap before GC invocations=11 (full 2):
 PSYoungGen      total 158720K, used 13301K [0x00000000d7100000, 0x00000000e4e00000, 0x0000000100000000)
  eden space 145408K, 0% used [0x00000000d7100000,0x00000000d7100000,0x00000000dff00000)
  from space 13312K, 99% used [0x00000000dff00000,0x00000000e0bfd598,0x00000000e0c00000)
  to   space 16896K, 0% used [0x00000000e3d80000,0x00000000e3d80000,0x00000000e4e00000)
 ParOldGen       total 57344K, used 15313K [0x0000000085200000, 0x0000000088a00000, 0x00000000d7100000)
  object space 57344K, 26% used [0x0000000085200000,0x00000000860f47c0,0x0000000088a00000)
 Metaspace       used 34818K, capacity 35182K, committed 35416K, reserved 1081344K
  class space    used 4268K, capacity 4369K, committed 4440K, reserved 1048576K
Event: 8,979 GC heap after
Heap after GC invocations=11 (full 2):
 PSYoungGen      total 158720K, used 0K [0x00000000d7100000, 0x00000000e4e00000, 0x0000000100000000)
  eden space 145408K, 0% used [0x00000000d7100000,0x00000000d7100000,0x00000000dff00000)
  from space 13312K, 0% used [0x00000000dff00000,0x00000000dff00000,0x00000000e0c00000)
  to   space 16896K, 0% used [0x00000000e3d80000,0x00000000e3d80000,0x00000000e4e00000)
 ParOldGen       total 98816K, used 22769K [0x0000000085200000, 0x000000008b280000, 0x00000000d7100000)
  object space 98816K, 23% used [0x0000000085200000,0x000000008683c768,0x000000008b280000)
 Metaspace       used 34818K, capacity 35182K, committed 35416K, reserved 1081344K
  class space    used 4268K, capacity 4369K, committed 4440K, reserved 1048576K
}
Event: 10,717 GC heap before
{Heap before GC invocations=12 (full 2):
 PSYoungGen      total 158720K, used 145408K [0x00000000d7100000, 0x00000000e4e00000, 0x0000000100000000)
  eden space 145408K, 100% used [0x00000000d7100000,0x00000000dff00000,0x00000000dff00000)
  from space 13312K, 0% used [0x00000000dff00000,0x00000000dff00000,0x00000000e0c00000)
  to   space 16896K, 0% used [0x00000000e3d80000,0x00000000e3d80000,0x00000000e4e00000)
 ParOldGen       total 98816K, used 22769K [0x0000000085200000, 0x000000008b280000, 0x00000000d7100000)
  object space 98816K, 23% used [0x0000000085200000,0x000000008683c768,0x000000008b280000)
 Metaspace       used 43855K, capacity 44326K, committed 44632K, reserved 1087488K
  class space    used 5578K, capacity 5685K, committed 5720K, reserved 1048576K
Event: 10,740 GC heap after
Heap after GC invocations=12 (full 2):
 PSYoungGen      total 200704K, used 16894K [0x00000000d7100000, 0x00000000e4e00000, 0x0000000100000000)
  eden space 183808K, 0% used [0x00000000d7100000,0x00000000d7100000,0x00000000e2480000)
  from space 16896K, 99% used [0x00000000e3d80000,0x00000000e4dffb80,0x00000000e4e00000)
  to   space 20480K, 0% used [0x00000000e2600000,0x00000000e2600000,0x00000000e3a00000)
 ParOldGen       total 98816K, used 25498K [0x0000000085200000, 0x000000008b280000, 0x00000000d7100000)
  object space 98816K, 25% used [0x0000000085200000,0x0000000086ae6970,0x000000008b280000)
 Metaspace       used 43855K, capacity 44326K, committed 44632K, reserved 1087488K
  class space    used 5578K, capacity 5685K, committed 5720K, reserved 1048576K
}
Event: 11,775 GC heap before
{Heap before GC invocations=13 (full 2):
 PSYoungGen      total 200704K, used 200702K [0x00000000d7100000, 0x00000000e4e00000, 0x0000000100000000)
  eden space 183808K, 100% used [0x00000000d7100000,0x00000000e2480000,0x00000000e2480000)
  from space 16896K, 99% used [0x00000000e3d80000,0x00000000e4dffb80,0x00000000e4e00000)
  to   space 20480K, 0% used [0x00000000e2600000,0x00000000e2600000,0x00000000e3a00000)
 ParOldGen       total 98816K, used 25498K [0x0000000085200000, 0x000000008b280000, 0x00000000d7100000)
  object space 98816K, 25% used [0x0000000085200000,0x0000000086ae6970,0x000000008b280000)
 Metaspace       used 46354K, capacity 46876K, committed 47320K, reserved 1091584K
  class space    used 5841K, capacity 5998K, committed 6104K, reserved 1048576K
Event: 11,802 GC heap after
Heap after GC invocations=13 (full 2):
 PSYoungGen      total 205824K, used 14535K [0x00000000d7100000, 0x00000000e8200000, 0x0000000100000000)
  eden space 185344K, 0% used [0x00000000d7100000,0x00000000d7100000,0x00000000e2600000)
  from space 20480K, 70% used [0x00000000e2600000,0x00000000e3431f30,0x00000000e3a00000)
  to   space 21504K, 0% used [0x00000000e6d00000,0x00000000e6d00000,0x00000000e8200000)
 ParOldGen       total 98816K, used 25498K [0x0000000085200000, 0x000000008b280000, 0x00000000d7100000)
  object space 98816K, 25% used [0x0000000085200000,0x0000000086ae6970,0x000000008b280000)
 Metaspace       used 46354K, capacity 46876K, committed 47320K, reserved 1091584K
  class space    used 5841K, capacity 5998K, committed 6104K, reserved 1048576K
}
Event: 11,975 GC heap before
{Heap before GC invocations=14 (full 2):
 PSYoungGen      total 205824K, used 199879K [0x00000000d7100000, 0x00000000e8200000, 0x0000000100000000)
  eden space 185344K, 100% used [0x00000000d7100000,0x00000000e2600000,0x00000000e2600000)
  from space 20480K, 70% used [0x00000000e2600000,0x00000000e3431f30,0x00000000e3a00000)
  to   space 21504K, 0% used [0x00000000e6d00000,0x00000000e6d00000,0x00000000e8200000)
 ParOldGen       total 98816K, used 25498K [0x0000000085200000, 0x000000008b280000, 0x00000000d7100000)
  object space 98816K, 25% used [0x0000000085200000,0x0000000086ae6970,0x000000008b280000)
 Metaspace       used 46368K, capacity 46888K, committed 47320K, reserved 1091584K
  class space    used 5843K, capacity 6000K, committed 6104K, reserved 1048576K
Event: 11,997 GC heap after
Heap after GC invocations=14 (full 2):
 PSYoungGen      total 258048K, used 12808K [0x00000000d7100000, 0x00000000e9980000, 0x0000000100000000)
  eden space 236544K, 0% used [0x00000000d7100000,0x00000000d7100000,0x00000000e5800000)
  from space 21504K, 59% used [0x00000000e6d00000,0x00000000e7982070,0x00000000e8200000)
  to   space 21504K, 0% used [0x00000000e5800000,0x00000000e5800000,0x00000000e6d00000)
 ParOldGen       total 98816K, used 25506K [0x0000000085200000, 0x000000008b280000, 0x00000000d7100000)
  object space 98816K, 25% used [0x0000000085200000,0x0000000086ae8970,0x000000008b280000)
 Metaspace       used 46368K, capacity 46888K, committed 47320K, reserved 1091584K
  class space    used 5843K, capacity 6000K, committed 6104K, reserved 1048576K
}
Event: 12,175 GC heap before
{Heap before GC invocations=15 (full 2):
 PSYoungGen      total 258048K, used 249352K [0x00000000d7100000, 0x00000000e9980000, 0x0000000100000000)
  eden space 236544K, 100% used [0x00000000d7100000,0x00000000e5800000,0x00000000e5800000)
  from space 21504K, 59% used [0x00000000e6d00000,0x00000000e7982070,0x00000000e8200000)
  to   space 21504K, 0% used [0x00000000e5800000,0x00000000e5800000,0x00000000e6d00000)
 ParOldGen       total 98816K, used 25506K [0x0000000085200000, 0x000000008b280000, 0x00000000d7100000)
  object space 98816K, 25% used [0x0000000085200000,0x0000000086ae8970,0x000000008b280000)
 Metaspace       used 46428K, capacity 46964K, committed 47320K, reserved 1091584K
  class space    used 5844K, capacity 6002K, committed 6104K, reserved 1048576K

