# JRE version: OpenJDK Runtime Environment (8.0_172-b01) (build 1.8.0_172-b01)
# Java VM: OpenJDK 64-Bit Server VM (25.172-b01 mixed mode linux-amd64 compressed oops)
Heap:
 PSYoungGen      total 399360K, used 128K [0x00000000d7100000, 0x00000000f0c00000, 0x0000000100000000)
  eden space 377856K, 0% used [0x00000000d7100000,0x00000000d7100000,0x00000000ee200000)
  from space 21504K, 0% used [0x00000000ee200000,0x00000000ee220000,0x00000000ef700000)
  to   space 17920K, 0% used [0x00000000efa80000,0x00000000efa80000,0x00000000f0c00000)
 ParOldGen       total 105472K, used 35618K [0x0000000085200000, 0x000000008b900000, 0x00000000d7100000)
  object space 105472K, 33% used [0x0000000085200000,0x00000000874c8a90,0x000000008b900000)
 Metaspace       used 46623K, capacity 47202K, committed 47576K, reserved 1091584K
  class space    used 5851K, capacity 6009K, committed 6104K, reserved 1048576K
GC Heap History (10 events):
Event: 12,165 GC heap after
Heap after GC invocations=14 (full 2):
 PSYoungGen      total 208384K, used 12872K [0x00000000d7100000, 0x00000000e6580000, 0x0000000100000000)
  eden space 187904K, 0% used [0x00000000d7100000,0x00000000d7100000,0x00000000e2880000)
  from space 20480K, 62% used [0x00000000e3d00000,0x00000000e4992070,0x00000000e5100000)
  to   space 20992K, 0% used [0x00000000e2880000,0x00000000e2880000,0x00000000e3d00000)
 ParOldGen       total 105472K, used 22792K [0x0000000085200000, 0x000000008b900000, 0x00000000d7100000)
  object space 105472K, 21% used [0x0000000085200000,0x0000000086842120,0x000000008b900000)
 Metaspace       used 46408K, capacity 46962K, committed 47320K, reserved 1091584K
  class space    used 5845K, capacity 6001K, committed 6104K, reserved 1048576K
}
Event: 12,375 GC heap before
{Heap before GC invocations=15 (full 2):
 PSYoungGen      total 208384K, used 200776K [0x00000000d7100000, 0x00000000e6580000, 0x0000000100000000)
  eden space 187904K, 100% used [0x00000000d7100000,0x00000000e2880000,0x00000000e2880000)
  from space 20480K, 62% used [0x00000000e3d00000,0x00000000e4992070,0x00000000e5100000)
  to   space 20992K, 0% used [0x00000000e2880000,0x00000000e2880000,0x00000000e3d00000)
 ParOldGen       total 105472K, used 22792K [0x0000000085200000, 0x000000008b900000, 0x00000000d7100000)
  object space 105472K, 21% used [0x0000000085200000,0x0000000086842120,0x000000008b900000)
 Metaspace       used 46432K, capacity 46974K, committed 47320K, reserved 1091584K
  class space    used 5846K, capacity 6003K, committed 6104K, reserved 1048576K
Event: 12,395 GC heap after
Heap after GC invocations=15 (full 2):
 PSYoungGen      total 208896K, used 12792K [0x00000000d7100000, 0x00000000e9a80000, 0x0000000100000000)
  eden space 187904K, 0% used [0x00000000d7100000,0x00000000d7100000,0x00000000e2880000)
  from space 20992K, 60% used [0x00000000e2880000,0x00000000e34fe080,0x00000000e3d00000)
  to   space 20992K, 0% used [0x00000000e8600000,0x00000000e8600000,0x00000000e9a80000)
 ParOldGen       total 105472K, used 22792K [0x0000000085200000, 0x000000008b900000, 0x00000000d7100000)
  object space 105472K, 21% used [0x0000000085200000,0x0000000086842120,0x000000008b900000)
 Metaspace       used 46432K, capacity 46974K, committed 47320K, reserved 1091584K
  class space    used 5846K, capacity 6003K, committed 6104K, reserved 1048576K
}
Event: 12,541 GC heap before
{Heap before GC invocations=16 (full 2):
 PSYoungGen      total 208896K, used 200696K [0x00000000d7100000, 0x00000000e9a80000, 0x0000000100000000)
  eden space 187904K, 100% used [0x00000000d7100000,0x00000000e2880000,0x00000000e2880000)
  from space 20992K, 60% used [0x00000000e2880000,0x00000000e34fe080,0x00000000e3d00000)
  to   space 20992K, 0% used [0x00000000e8600000,0x00000000e8600000,0x00000000e9a80000)
 ParOldGen       total 105472K, used 22792K [0x0000000085200000, 0x000000008b900000, 0x00000000d7100000)
  object space 105472K, 21% used [0x0000000085200000,0x0000000086842120,0x000000008b900000)
 Metaspace       used 46476K, capacity 46974K, committed 47320K, reserved 1091584K
  class space    used 5846K, capacity 6003K, committed 6104K, reserved 1048576K
Event: 12,562 GC heap after
Heap after GC invocations=16 (full 2):
 PSYoungGen      total 283648K, used 12792K [0x00000000d7100000, 0x00000000ea200000, 0x0000000100000000)
  eden space 262656K, 0% used [0x00000000d7100000,0x00000000d7100000,0x00000000e7180000)
  from space 20992K, 60% used [0x00000000e8600000,0x00000000e927e080,0x00000000e9a80000)
  to   space 20992K, 0% used [0x00000000e7180000,0x00000000e7180000,0x00000000e8600000)
 ParOldGen       total 105472K, used 22800K [0x0000000085200000, 0x000000008b900000, 0x00000000d7100000)
  object space 105472K, 21% used [0x0000000085200000,0x0000000086844120,0x000000008b900000)
 Metaspace       used 46476K, capacity 46974K, committed 47320K, reserved 1091584K
  class space    used 5846K, capacity 6003K, committed 6104K, reserved 1048576K
}
Event: 12,813 GC heap before
{Heap before GC invocations=17 (full 2):
 PSYoungGen      total 283648K, used 275448K [0x00000000d7100000, 0x00000000ea200000, 0x0000000100000000)
  eden space 262656K, 100% used [0x00000000d7100000,0x00000000e7180000,0x00000000e7180000)
  from space 20992K, 60% used [0x00000000e8600000,0x00000000e927e080,0x00000000e9a80000)
  to   space 20992K, 0% used [0x00000000e7180000,0x00000000e7180000,0x00000000e8600000)
 ParOldGen       total 105472K, used 22800K [0x0000000085200000, 0x000000008b900000, 0x00000000d7100000)
  object space 105472K, 21% used [0x0000000085200000,0x0000000086844120,0x000000008b900000)
 Metaspace       used 46538K, capacity 47062K, committed 47320K, reserved 1091584K
  class space    used 5850K, capacity 6007K, committed 6104K, reserved 1048576K
Event: 12,845 GC heap after
Heap after GC invocations=17 (full 2):
 PSYoungGen      total 283648K, used 4496K [0x00000000d7100000, 0x00000000f0f00000, 0x0000000100000000)
  eden space 262656K, 0% used [0x00000000d7100000,0x00000000d7100000,0x00000000e7180000)
  from space 20992K, 21% used [0x00000000e7180000,0x00000000e75e4030,0x00000000e8600000)
  to   space 20992K, 0% used [0x00000000efa80000,0x00000000efa80000,0x00000000f0f00000)
 ParOldGen       total 105472K, used 31216K [0x0000000085200000, 0x000000008b900000, 0x00000000d7100000)
  object space 105472K, 29% used [0x0000000085200000,0x000000008707c170,0x000000008b900000)
 Metaspace       used 46538K, capacity 47062K, committed 47320K, reserved 1091584K
  class space    used 5850K, capacity 6007K, committed 6104K, reserved 1048576K
}
Event: 13,032 GC heap before
{Heap before GC invocations=18 (full 2):
 PSYoungGen      total 283648K, used 267152K [0x00000000d7100000, 0x00000000f0f00000, 0x0000000100000000)
  eden space 262656K, 100% used [0x00000000d7100000,0x00000000e7180000,0x00000000e7180000)
  from space 20992K, 21% used [0x00000000e7180000,0x00000000e75e4030,0x00000000e8600000)
  to   space 20992K, 0% used [0x00000000efa80000,0x00000000efa80000,0x00000000f0f00000)
 ParOldGen       total 105472K, used 31216K [0x0000000085200000, 0x000000008b900000, 0x00000000d7100000)
  object space 105472K, 29% used [0x0000000085200000,0x000000008707c170,0x000000008b900000)
 Metaspace       used 46564K, capacity 47074K, committed 47320K, reserved 1091584K
  class space    used 5851K, capacity 6009K, committed 6104K, reserved 1048576K
Event: 13,040 GC heap after
Heap after GC invocations=18 (full 2):
 PSYoungGen      total 395776K, used 128K [0x00000000d7100000, 0x00000000f0c00000, 0x0000000100000000)
  eden space 377856K, 0% used [0x00000000d7100000,0x00000000d7100000,0x00000000ee200000)
  from space 17920K, 0% used [0x00000000efa80000,0x00000000efaa0000,0x00000000f0c00000)
  to   space 21504K, 0% used [0x00000000ee200000,0x00000000ee200000,0x00000000ef700000)
 ParOldGen       total 105472K, used 35594K [0x0000000085200000, 0x000000008b900000, 0x00000000d7100000)
  object space 105472K, 33% used [0x0000000085200000,0x00000000874c2a90,0x000000008b900000)
 Metaspace       used 46564K, capacity 47074K, committed 47320K, reserved 1091584K
  class space    used 5851K, capacity 6009K, committed 6104K, reserved 1048576K
}
Event: 34,873 GC heap before
{Heap before GC invocations=19 (full 2):
 PSYoungGen      total 395776K, used 377984K [0x00000000d7100000, 0x00000000f0c00000, 0x0000000100000000)
  eden space 377856K, 100% used [0x00000000d7100000,0x00000000ee200000,0x00000000ee200000)
  from space 17920K, 0% used [0x00000000efa80000,0x00000000efaa0000,0x00000000f0c00000)
  to   space 21504K, 0% used [0x00000000ee200000,0x00000000ee200000,0x00000000ef700000)
 ParOldGen       total 105472K, used 35594K [0x0000000085200000, 0x000000008b900000, 0x00000000d7100000)
  object space 105472K, 33% used [0x0000000085200000,0x00000000874c2a90,0x000000008b900000)
 Metaspace       used 46623K, capacity 47202K, committed 47576K, reserved 1091584K
  class space    used 5851K, capacity 6009K, committed 6104K, reserved 1048576K

